app/build/outputs/logs/manifest-merger-debug-report.txt
-- Merging decision tree log ---
manifest
ADDED from src/main/AndroidManifest.xml:2:1-458:12
	package
		ADDED from src/main/AndroidManifest.xml:3:5-35
		INJECTED from src/main/AndroidManifest.xml
		INJECTED from src/main/AndroidManifest.xml
	android:versionName
		INJECTED from src/main/AndroidManifest.xml
		INJECTED from src/main/AndroidManifest.xml
	xmlns:android
		ADDED from src/main/AndroidManifest.xml:2:11-69
	android:versionCode
		INJECTED from src/main/AndroidManifest.xml
		INJECTED from src/main/AndroidManifest.xml
uses-permission#android.permission.READ_CONTACTS
ADDED from src/main/AndroidManifest.xml:4:5-72
	android:name
		ADDED from src/main/AndroidManifest.xml:4:22-69
uses-permission#android.permission.VIBRATE
ADDED from src/main/AndroidManifest.xml:5:5-66
	android:name
		ADDED from src/main/AndroidManifest.xml:5:22-63
uses-permission#android.permission.INTERNET
ADDED from src/main/AndroidManifest.xml:6:5-67
	android:name
		ADDED from src/main/AndroidManifest.xml:6:22-64
uses-permission#android.permission.RECORD_AUDIO
ADDED from src/main/AndroidManifest.xml:7:5-71
	android:name
		ADDED from src/main/AndroidManifest.xml:7:22-68
uses-permission#android.permission.CAMERA
ADDED from src/main/AndroidManifest.xml:8:5-65
	android:name
		ADDED from src/main/AndroidManifest.xml:8:22-62
uses-permission#android.permission.ACCESS_NETWORK_STATE
ADDED from src/main/AndroidManifest.xml:9:5-79
	android:name
		ADDED from src/main/AndroidManifest.xml:9:22-76
uses-permission#android.permission.WRITE_EXTERNAL_STORAGE
ADDED from src/main/AndroidManifest.xml:10:5-81
	android:name
		ADDED from src/main/AndroidManifest.xml:10:22-78
uses-permission#android.permission.MOUNT_UNMOUNT_FILESYSTEMS
ADDED from src/main/AndroidManifest.xml:11:5-84
	android:name
		ADDED from src/main/AndroidManifest.xml:11:22-81
uses-permission#android.permission.ACCESS_FINE_LOCATION
ADDED from src/main/AndroidManifest.xml:12:5-79
	android:name
		ADDED from src/main/AndroidManifest.xml:12:22-76
uses-permission#android.permission.GET_TASKS
ADDED from src/main/AndroidManifest.xml:13:5-68
	android:name
		ADDED from src/main/AndroidManifest.xml:13:22-65
uses-permission#android.permission.ACCESS_WIFI_STATE
ADDED from src/main/AndroidManifest.xml:14:5-76
	android:name
		ADDED from src/main/AndroidManifest.xml:14:22-73
uses-permission#android.permission.CHANGE_WIFI_STATE
ADDED from src/main/AndroidManifest.xml:15:5-76
	android:name
		ADDED from src/main/AndroidManifest.xml:15:22-73
uses-permission#android.permission.WAKE_LOCK
ADDED from src/main/AndroidManifest.xml:16:5-68
	android:name
		ADDED from src/main/AndroidManifest.xml:16:22-65
uses-permission#android.permission.MODIFY_AUDIO_SETTINGS
ADDED from src/main/AndroidManifest.xml:17:5-80
	android:name
		ADDED from src/main/AndroidManifest.xml:17:22-77
uses-permission#android.permission.READ_PHONE_STATE
ADDED from src/main/AndroidManifest.xml:18:5-75
	android:name
		ADDED from src/main/AndroidManifest.xml:18:22-72
uses-permission#android.permission.RECEIVE_BOOT_COMPLETED
ADDED from src/main/AndroidManifest.xml:19:5-81
	android:name
		ADDED from src/main/AndroidManifest.xml:19:22-78
uses-permission#android.permission.USE_CREDENTIALS
ADDED from src/main/AndroidManifest.xml:20:5-74
	android:name
		ADDED from src/main/AndroidManifest.xml:20:22-71
uses-permission#com.android.launcher.permission.READ_SETTINGS
ADDED from src/main/AndroidManifest.xml:21:5-85
	android:name
		ADDED from src/main/AndroidManifest.xml:21:22-82
uses-permission#android.permission.BROADCAST_STICKY
ADDED from src/main/AndroidManifest.xml:22:5-75
	android:name
		ADDED from src/main/AndroidManifest.xml:22:22-72
uses-permission#android.permission.WRITE_SETTINGS
ADDED from src/main/AndroidManifest.xml:23:5-73
	android:name
		ADDED from src/main/AndroidManifest.xml:23:22-70
uses-permission#android.permission.REQUEST_IGNORE_BATTERY_OPTIMIZATIONS
ADDED from src/main/AndroidManifest.xml:24:5-95
	android:name
		ADDED from src/main/AndroidManifest.xml:24:22-92
uses-permission#com.google.android.c2dm.permission.RECEIVE
ADDED from src/main/AndroidManifest.xml:26:5-82
	android:name
		ADDED from src/main/AndroidManifest.xml:26:22-79
uses-permission#com.allenjuns.wechat2.permission.C2D_MESSAGE
ADDED from src/main/AndroidManifest.xml:27:5-84
	android:name
		ADDED from src/main/AndroidManifest.xml:27:22-81
uses-permission#com.allenjuns.wechat2.permission.MIPUSH_RECEIVE
ADDED from src/main/AndroidManifest.xml:28:5-87
	android:name
		ADDED from src/main/AndroidManifest.xml:28:22-84
permission#com.allenjuns.wechat2.permission.C2D_MESSAGE
ADDED from src/main/AndroidManifest.xml:29:5-31:46
	android:protectionLevel
		ADDED from src/main/AndroidManifest.xml:31:9-44
	android:name
		ADDED from src/main/AndroidManifest.xml:30:9-68
permission#com.allenjuns.wechat2.permission.MIPUSH_RECEIVE
ADDED from src/main/AndroidManifest.xml:32:5-34:47
	android:protectionLevel
		ADDED from src/main/AndroidManifest.xml:34:9-44
	android:name
		ADDED from src/main/AndroidManifest.xml:33:9-71
application
ADDED from src/main/AndroidManifest.xml:36:5-456:19
MERGED from [com.android.support:appcompat-v7:23.2.0] AndroidManifest.xml:25:5-20
MERGED from [com.android.support:animated-vector-drawable:23.2.0] AndroidManifest.xml:7:5-20
MERGED from [com.android.support:support-vector-drawable:23.2.0] AndroidManifest.xml:7:5-20
MERGED from [de.hdodenhof:circleimageview:2.0.0] AndroidManifest.xml:9:5-20
MERGED from [me.imid.swipebacklayout.lib:library:1.0.0] AndroidManifest.xml:11:5-20
MERGED from [com.android.support:support-v4:23.2.0] AndroidManifest.xml:22:5-20
	android:label
		ADDED from src/main/AndroidManifest.xml:40:9-41
	android:supportsRtl
		ADDED from src/main/AndroidManifest.xml:41:9-35
	android:allowBackup
		ADDED from src/main/AndroidManifest.xml:38:9-35
	android:icon
		ADDED from src/main/AndroidManifest.xml:39:9-43
	android:theme
		ADDED from src/main/AndroidManifest.xml:42:9-40
	android:name
		ADDED from src/main/AndroidManifest.xml:37:9-35
activity#com.allenjuns.wechat.app.module.launch.SplashActivtiy
ADDED from src/main/AndroidManifest.xml:43:9-49:20
	android:name
		ADDED from src/main/AndroidManifest.xml:43:19-67
intent-filter#android.intent.action.MAIN+android.intent.category.LAUNCHER
ADDED from src/main/AndroidManifest.xml:44:13-48:29
action#android.intent.action.MAIN
ADDED from src/main/AndroidManifest.xml:45:17-69
	android:name
		ADDED from src/main/AndroidManifest.xml:45:25-66
category#android.intent.category.LAUNCHER
ADDED from src/main/AndroidManifest.xml:47:17-77
	android:name
		ADDED from src/main/AndroidManifest.xml:47:27-74
activity#com.allenjuns.wechat.app.module.main.MainActivity
ADDED from src/main/AndroidManifest.xml:50:9-54:66
	android:screenOrientation
		ADDED from src/main/AndroidManifest.xml:53:13-49
	android:launchMode
		ADDED from src/main/AndroidManifest.xml:52:13-44
	android:windowSoftInputMode
		ADDED from src/main/AndroidManifest.xml:54:13-64
	android:name
		ADDED from src/main/AndroidManifest.xml:51:13-57
activity#com.allenjuns.wechat.app.module.launch.GuideActivity
ADDED from src/main/AndroidManifest.xml:55:9-58:52
	android:screenOrientation
		ADDED from src/main/AndroidManifest.xml:58:13-49
	android:launchMode
		ADDED from src/main/AndroidManifest.xml:57:13-44
	android:name
		ADDED from src/main/AndroidManifest.xml:56:13-60
activity#com.allenjuns.wechat.app.module.account.LoginActivity
ADDED from src/main/AndroidManifest.xml:59:9-62:52
	android:screenOrientation
		ADDED from src/main/AndroidManifest.xml:62:13-49
	android:launchMode
		ADDED from src/main/AndroidManifest.xml:61:13-43
	android:name
		ADDED from src/main/AndroidManifest.xml:60:13-61
activity#com.allenjuns.wechat.app.module.account.RegiseterActivity
ADDED from src/main/AndroidManifest.xml:63:9-66:52
	android:screenOrientation
		ADDED from src/main/AndroidManifest.xml:66:13-49
	android:launchMode
		ADDED from src/main/AndroidManifest.xml:65:13-43
	android:name
		ADDED from src/main/AndroidManifest.xml:64:13-65
activity#com.allenjuns.wechat.app.module.system.CommonActivity
ADDED from src/main/AndroidManifest.xml:67:9-70:52
	android:screenOrientation
		ADDED from src/main/AndroidManifest.xml:70:13-49
	android:launchMode
		ADDED from src/main/AndroidManifest.xml:69:13-43
	android:name
		ADDED from src/main/AndroidManifest.xml:68:13-61
activity#com.allenjuns.wechat.app.module.system.WebViewActivity
ADDED from src/main/AndroidManifest.xml:71:9-73:52
	android:screenOrientation
		ADDED from src/main/AndroidManifest.xml:73:13-49
	android:name
		ADDED from src/main/AndroidManifest.xml:72:13-62
activity#com.allenjuns.wechat.app.module.user.FriendInfoActivity
ADDED from src/main/AndroidManifest.xml:74:9-76:52
	android:screenOrientation
		ADDED from src/main/AndroidManifest.xml:76:13-49
	android:name
		ADDED from src/main/AndroidManifest.xml:75:13-63
activity#com.allenjuns.wechat.app.module.dicover.FeedActivity
ADDED from src/main/AndroidManifest.xml:77:9-79:52
	android:screenOrientation
		ADDED from src/main/AndroidManifest.xml:79:13-49
	android:name
		ADDED from src/main/AndroidManifest.xml:78:13-60
activity#com.allenjuns.wechat.app.module.dicover.PublishActivity
ADDED from src/main/AndroidManifest.xml:80:9-82:52
	android:screenOrientation
		ADDED from src/main/AndroidManifest.xml:82:13-49
	android:name
		ADDED from src/main/AndroidManifest.xml:81:13-63
activity#com.allenjuns.wechat.app.module.system.SettingActivity
ADDED from src/main/AndroidManifest.xml:83:9-85:52
	android:screenOrientation
		ADDED from src/main/AndroidManifest.xml:85:13-49
	android:name
		ADDED from src/main/AndroidManifest.xml:84:13-62
activity#com.allenjuns.wechat.app.module.user.MyCodeActivity
ADDED from src/main/AndroidManifest.xml:86:9-88:52
	android:screenOrientation
		ADDED from src/main/AndroidManifest.xml:88:13-49
	android:name
		ADDED from src/main/AndroidManifest.xml:87:13-59
activity#com.allenjuns.wechat.zxing.CaptureActivity
ADDED from src/main/AndroidManifest.xml:89:9-91:52
	android:screenOrientation
		ADDED from src/main/AndroidManifest.xml:91:13-49
	android:name
		ADDED from src/main/AndroidManifest.xml:90:13-50
activity#com.allenjuns.wechat.app.module.money.WalletActivity
ADDED from src/main/AndroidManifest.xml:92:9-94:52
	android:screenOrientation
		ADDED from src/main/AndroidManifest.xml:94:13-49
	android:name
		ADDED from src/main/AndroidManifest.xml:93:13-60
activity#com.allenjuns.wechat.app.module.dicover.CommentActivity
ADDED from src/main/AndroidManifest.xml:95:9-97:52
	android:screenOrientation
		ADDED from src/main/AndroidManifest.xml:97:13-49
	android:name
		ADDED from src/main/AndroidManifest.xml:96:13-63
activity#com.allenjuns.wechat.app.module.user.NearByActivity
ADDED from src/main/AndroidManifest.xml:98:9-100:52
	android:screenOrientation
		ADDED from src/main/AndroidManifest.xml:100:13-49
	android:name
		ADDED from src/main/AndroidManifest.xml:99:13-59
activity#com.allenjuns.wechat.chatuidemo.ui.ChatActivity
ADDED from src/main/AndroidManifest.xml:103:9-108:20
	android:screenOrientation
		ADDED from src/main/AndroidManifest.xml:106:13-49
	android:launchMode
		ADDED from src/main/AndroidManifest.xml:105:13-44
	android:windowSoftInputMode
		ADDED from src/main/AndroidManifest.xml:107:13-55
	android:name
		ADDED from src/main/AndroidManifest.xml:104:13-55
activity#com.allenjuns.wechat.chatuidemo.ui.AddContactActivity
ADDED from src/main/AndroidManifest.xml:110:9-115:20
	android:screenOrientation
		ADDED from src/main/AndroidManifest.xml:112:13-49
	android:windowSoftInputMode
		ADDED from src/main/AndroidManifest.xml:113:13-55
	android:theme
		ADDED from src/main/AndroidManifest.xml:114:13-52
	android:name
		ADDED from src/main/AndroidManifest.xml:111:13-61
activity#com.allenjuns.wechat.chatuidemo.ui.GroupDetailsActivity
ADDED from src/main/AndroidManifest.xml:117:9-121:20
	android:screenOrientation
		ADDED from src/main/AndroidManifest.xml:119:13-49
	android:theme
		ADDED from src/main/AndroidManifest.xml:120:13-52
	android:name
		ADDED from src/main/AndroidManifest.xml:118:13-63
activity#com.allenjuns.wechat.chatuidemo.ui.GroupsActivity
ADDED from src/main/AndroidManifest.xml:123:9-128:20
	android:screenOrientation
		ADDED from src/main/AndroidManifest.xml:125:13-49
	android:windowSoftInputMode
		ADDED from src/main/AndroidManifest.xml:127:13-52
	android:theme
		ADDED from src/main/AndroidManifest.xml:126:13-52
	android:name
		ADDED from src/main/AndroidManifest.xml:124:13-57
activity#com.allenjuns.wechat.chatuidemo.ui.ChatRoomDetailsActivity
ADDED from src/main/AndroidManifest.xml:131:9-135:20
	android:screenOrientation
		ADDED from src/main/AndroidManifest.xml:133:13-49
	android:theme
		ADDED from src/main/AndroidManifest.xml:134:13-52
	android:name
		ADDED from src/main/AndroidManifest.xml:132:13-66
activity#com.allenjuns.wechat.chatuidemo.ui.NewGroupActivity
ADDED from src/main/AndroidManifest.xml:138:9-143:20
	android:screenOrientation
		ADDED from src/main/AndroidManifest.xml:140:13-49
	android:windowSoftInputMode
		ADDED from src/main/AndroidManifest.xml:142:13-52
	android:theme
		ADDED from src/main/AndroidManifest.xml:141:13-52
	android:name
		ADDED from src/main/AndroidManifest.xml:139:13-59
activity#com.allenjuns.wechat.chatuidemo.ui.ExitGroupDialog
ADDED from src/main/AndroidManifest.xml:145:9-149:20
	android:screenOrientation
		ADDED from src/main/AndroidManifest.xml:147:13-49
	android:theme
		ADDED from src/main/AndroidManifest.xml:148:13-55
	android:name
		ADDED from src/main/AndroidManifest.xml:146:13-58
activity#com.allenjuns.wechat.chatuidemo.ui.GroupPickContactsActivity
ADDED from src/main/AndroidManifest.xml:151:9-156:20
	android:screenOrientation
		ADDED from src/main/AndroidManifest.xml:153:13-49
	android:windowSoftInputMode
		ADDED from src/main/AndroidManifest.xml:155:13-52
	android:theme
		ADDED from src/main/AndroidManifest.xml:154:13-52
	android:name
		ADDED from src/main/AndroidManifest.xml:152:13-68
activity#com.allenjuns.wechat.chatuidemo.ui.PickAtUserActivity
ADDED from src/main/AndroidManifest.xml:158:9-161:25
	android:screenOrientation
		ADDED from src/main/AndroidManifest.xml:159:13-49
	android:theme
		ADDED from src/main/AndroidManifest.xml:160:13-52
	android:name
		ADDED from src/main/AndroidManifest.xml:158:19-67
activity#com.hyphenate.easeui.ui.EaseBaiduMapActivity
ADDED from src/main/AndroidManifest.xml:163:9-167:20
	android:screenOrientation
		ADDED from src/main/AndroidManifest.xml:165:13-49
	android:theme
		ADDED from src/main/AndroidManifest.xml:166:13-52
	android:name
		ADDED from src/main/AndroidManifest.xml:164:13-72
activity#com.allenjuns.wechat.chatuidemo.ui.NewFriendsMsgActivity
ADDED from src/main/AndroidManifest.xml:170:9-174:20
	android:screenOrientation
		ADDED from src/main/AndroidManifest.xml:172:13-49
	android:theme
		ADDED from src/main/AndroidManifest.xml:173:13-52
	android:name
		ADDED from src/main/AndroidManifest.xml:171:13-64
activity#com.allenjuns.wechat.chatuidemo.ui.ForwardMessageActivity
ADDED from src/main/AndroidManifest.xml:176:9-181:20
	android:screenOrientation
		ADDED from src/main/AndroidManifest.xml:178:13-49
	android:windowSoftInputMode
		ADDED from src/main/AndroidManifest.xml:180:13-52
	android:theme
		ADDED from src/main/AndroidManifest.xml:179:13-52
	android:name
		ADDED from src/main/AndroidManifest.xml:177:13-65
activity#com.allenjuns.wechat.chatuidemo.ui.ContextMenuActivity
ADDED from src/main/AndroidManifest.xml:183:9-187:20
	android:screenOrientation
		ADDED from src/main/AndroidManifest.xml:185:13-49
	android:theme
		ADDED from src/main/AndroidManifest.xml:186:13-49
	android:name
		ADDED from src/main/AndroidManifest.xml:184:13-62
activity#com.hyphenate.easeui.ui.EaseShowBigImageActivity
ADDED from src/main/AndroidManifest.xml:189:9-193:20
	android:screenOrientation
		ADDED from src/main/AndroidManifest.xml:191:13-49
	android:theme
		ADDED from src/main/AndroidManifest.xml:192:13-52
	android:name
		ADDED from src/main/AndroidManifest.xml:190:13-76
activity#com.hyphenate.easeui.ui.EaseShowNormalFileActivity
ADDED from src/main/AndroidManifest.xml:195:9-199:20
	android:screenOrientation
		ADDED from src/main/AndroidManifest.xml:197:13-49
	android:theme
		ADDED from src/main/AndroidManifest.xml:198:13-52
	android:name
		ADDED from src/main/AndroidManifest.xml:196:13-78
activity#com.allenjuns.wechat.chatuidemo.ui.BlacklistActivity
ADDED from src/main/AndroidManifest.xml:201:9-205:20
	android:screenOrientation
		ADDED from src/main/AndroidManifest.xml:203:13-49
	android:theme
		ADDED from src/main/AndroidManifest.xml:204:13-52
	android:name
		ADDED from src/main/AndroidManifest.xml:202:13-60
activity#com.allenjuns.wechat.chatuidemo.ui.PublicGroupsActivity
ADDED from src/main/AndroidManifest.xml:208:9-213:20
	android:screenOrientation
		ADDED from src/main/AndroidManifest.xml:210:13-49
	android:windowSoftInputMode
		ADDED from src/main/AndroidManifest.xml:212:13-52
	android:theme
		ADDED from src/main/AndroidManifest.xml:211:13-52
	android:name
		ADDED from src/main/AndroidManifest.xml:209:13-63
activity#com.allenjuns.wechat.chatuidemo.ui.PublicChatRoomsActivity
ADDED from src/main/AndroidManifest.xml:215:9-220:20
	android:screenOrientation
		ADDED from src/main/AndroidManifest.xml:217:13-49
	android:windowSoftInputMode
		ADDED from src/main/AndroidManifest.xml:219:13-52
	android:theme
		ADDED from src/main/AndroidManifest.xml:218:13-52
	android:name
		ADDED from src/main/AndroidManifest.xml:216:13-66
activity#com.allenjuns.wechat.chatuidemo.ui.VoiceCallActivity
ADDED from src/main/AndroidManifest.xml:223:9-228:20
	android:screenOrientation
		ADDED from src/main/AndroidManifest.xml:225:13-49
	android:launchMode
		ADDED from src/main/AndroidManifest.xml:226:13-44
	android:theme
		ADDED from src/main/AndroidManifest.xml:227:13-48
	android:name
		ADDED from src/main/AndroidManifest.xml:224:13-60
activity#com.allenjuns.wechat.chatuidemo.ui.VideoCallActivity
ADDED from src/main/AndroidManifest.xml:230:9-236:20
	android:screenOrientation
		ADDED from src/main/AndroidManifest.xml:233:13-49
	android:launchMode
		ADDED from src/main/AndroidManifest.xml:234:13-44
	android:configChanges
		ADDED from src/main/AndroidManifest.xml:232:13-74
	android:theme
		ADDED from src/main/AndroidManifest.xml:235:13-52
	android:name
		ADDED from src/main/AndroidManifest.xml:231:13-60
activity#com.allenjuns.wechat.chatuidemo.ui.GroupSimpleDetailActivity
ADDED from src/main/AndroidManifest.xml:238:9-242:20
	android:screenOrientation
		ADDED from src/main/AndroidManifest.xml:240:13-49
	android:theme
		ADDED from src/main/AndroidManifest.xml:241:13-52
	android:name
		ADDED from src/main/AndroidManifest.xml:239:13-68
activity#com.allenjuns.wechat.chatuidemo.ui.GroupBlacklistActivity
ADDED from src/main/AndroidManifest.xml:244:9-248:20
	android:screenOrientation
		ADDED from src/main/AndroidManifest.xml:246:13-49
	android:theme
		ADDED from src/main/AndroidManifest.xml:247:13-52
	android:name
		ADDED from src/main/AndroidManifest.xml:245:13-65
activity#com.allenjuns.wechat.chatuidemo.ui.GroupSearchMessageActivity
ADDED from src/main/AndroidManifest.xml:249:9-254:25
	android:screenOrientation
		ADDED from src/main/AndroidManifest.xml:251:13-49
	android:windowSoftInputMode
		ADDED from src/main/AndroidManifest.xml:253:13-55
	android:theme
		ADDED from src/main/AndroidManifest.xml:252:13-52
	android:name
		ADDED from src/main/AndroidManifest.xml:250:13-69
activity#com.allenjuns.wechat.chatuidemo.ui.PublicGroupsSeachActivity
ADDED from src/main/AndroidManifest.xml:256:9-260:20
	android:screenOrientation
		ADDED from src/main/AndroidManifest.xml:258:13-49
	android:theme
		ADDED from src/main/AndroidManifest.xml:259:13-52
	android:name
		ADDED from src/main/AndroidManifest.xml:257:13-68
activity#com.allenjuns.wechat.chatuidemo.ui.EditActivity
ADDED from src/main/AndroidManifest.xml:261:9-266:20
	android:screenOrientation
		ADDED from src/main/AndroidManifest.xml:263:13-49
	android:windowSoftInputMode
		ADDED from src/main/AndroidManifest.xml:265:13-55
	android:theme
		ADDED from src/main/AndroidManifest.xml:264:13-52
	android:name
		ADDED from src/main/AndroidManifest.xml:262:13-55
activity#com.hyphenate.easeui.ui.EaseShowVideoActivity
ADDED from src/main/AndroidManifest.xml:267:9-272:20
	android:screenOrientation
		ADDED from src/main/AndroidManifest.xml:269:13-49
	android:windowSoftInputMode
		ADDED from src/main/AndroidManifest.xml:271:13-60
	android:theme
		ADDED from src/main/AndroidManifest.xml:270:13-52
	android:name
		ADDED from src/main/AndroidManifest.xml:268:13-73
activity#com.allenjuns.wechat.chatuidemo.ui.ImageGridActivity
ADDED from src/main/AndroidManifest.xml:274:9-279:20
	android:screenOrientation
		ADDED from src/main/AndroidManifest.xml:276:13-49
	android:windowSoftInputMode
		ADDED from src/main/AndroidManifest.xml:278:13-60
	android:theme
		ADDED from src/main/AndroidManifest.xml:277:13-52
	android:name
		ADDED from src/main/AndroidManifest.xml:275:13-60
activity#com.allenjuns.wechat.chatuidemo.ui.RecorderVideoActivity
ADDED from src/main/AndroidManifest.xml:280:9-285:20
	android:screenOrientation
		ADDED from src/main/AndroidManifest.xml:282:13-49
	android:windowSoftInputMode
		ADDED from src/main/AndroidManifest.xml:284:13-60
	android:theme
		ADDED from src/main/AndroidManifest.xml:283:13-52
	android:name
		ADDED from src/main/AndroidManifest.xml:281:13-64
activity#com.allenjuns.wechat.chatuidemo.ui.DiagnoseActivity
ADDED from src/main/AndroidManifest.xml:287:9-292:20
	android:screenOrientation
		ADDED from src/main/AndroidManifest.xml:289:13-49
	android:windowSoftInputMode
		ADDED from src/main/AndroidManifest.xml:291:13-60
	android:theme
		ADDED from src/main/AndroidManifest.xml:290:13-52
	android:name
		ADDED from src/main/AndroidManifest.xml:288:13-59
activity#com.allenjuns.wechat.chatuidemo.ui.OfflinePushNickActivity
ADDED from src/main/AndroidManifest.xml:295:9-300:20
	android:screenOrientation
		ADDED from src/main/AndroidManifest.xml:297:13-49
	android:windowSoftInputMode
		ADDED from src/main/AndroidManifest.xml:299:13-60
	android:theme
		ADDED from src/main/AndroidManifest.xml:298:13-52
	android:name
		ADDED from src/main/AndroidManifest.xml:296:13-66
activity#com.allenjuns.wechat.chatuidemo.ui.RobotsActivity
ADDED from src/main/AndroidManifest.xml:302:9-307:25
	android:screenOrientation
		ADDED from src/main/AndroidManifest.xml:304:13-49
	android:windowSoftInputMode
		ADDED from src/main/AndroidManifest.xml:306:13-60
	android:theme
		ADDED from src/main/AndroidManifest.xml:305:13-52
	android:name
		ADDED from src/main/AndroidManifest.xml:303:13-57
activity#com.allenjuns.wechat.chatuidemo.ui.UserProfileActivity
ADDED from src/main/AndroidManifest.xml:309:9-313:25
	android:screenOrientation
		ADDED from src/main/AndroidManifest.xml:311:13-49
	android:theme
		ADDED from src/main/AndroidManifest.xml:312:13-52
	android:name
		ADDED from src/main/AndroidManifest.xml:310:13-62
activity#com.easemob.redpacketui.ui.activity.RPRedPacketActivity
ADDED from src/main/AndroidManifest.xml:317:9-322:15
	android:screenOrientation
		ADDED from src/main/AndroidManifest.xml:319:13-49
	android:windowSoftInputMode
		ADDED from src/main/AndroidManifest.xml:321:13-64
	android:theme
		ADDED from src/main/AndroidManifest.xml:320:13-52
	android:name
		ADDED from src/main/AndroidManifest.xml:318:13-83
activity#com.easemob.redpacketui.ui.activity.RPDetailActivity
ADDED from src/main/AndroidManifest.xml:324:9-329:15
	android:screenOrientation
		ADDED from src/main/AndroidManifest.xml:326:13-49
	android:windowSoftInputMode
		ADDED from src/main/AndroidManifest.xml:328:13-52
	android:theme
		ADDED from src/main/AndroidManifest.xml:327:13-52
	android:name
		ADDED from src/main/AndroidManifest.xml:325:13-80
activity#com.easemob.redpacketui.ui.activity.RPRecordActivity
ADDED from src/main/AndroidManifest.xml:331:9-336:15
	android:screenOrientation
		ADDED from src/main/AndroidManifest.xml:333:13-49
	android:windowSoftInputMode
		ADDED from src/main/AndroidManifest.xml:335:13-52
	android:theme
		ADDED from src/main/AndroidManifest.xml:334:13-52
	android:name
		ADDED from src/main/AndroidManifest.xml:332:13-80
activity#com.easemob.redpacketui.ui.activity.RPWebViewActivity
ADDED from src/main/AndroidManifest.xml:338:9-343:15
	android:screenOrientation
		ADDED from src/main/AndroidManifest.xml:340:13-49
	android:windowSoftInputMode
		ADDED from src/main/AndroidManifest.xml:342:13-67
	android:theme
		ADDED from src/main/AndroidManifest.xml:341:13-52
	android:name
		ADDED from src/main/AndroidManifest.xml:339:13-81
activity#com.easemob.redpacketui.ui.activity.RPChangeActivity
ADDED from src/main/AndroidManifest.xml:345:9-350:15
	android:screenOrientation
		ADDED from src/main/AndroidManifest.xml:347:13-49
	android:windowSoftInputMode
		ADDED from src/main/AndroidManifest.xml:349:13-67
	android:theme
		ADDED from src/main/AndroidManifest.xml:348:13-52
	android:name
		ADDED from src/main/AndroidManifest.xml:346:13-80
activity#com.easemob.redpacketui.ui.activity.RPBankCardActivity
ADDED from src/main/AndroidManifest.xml:352:9-357:15
	android:screenOrientation
		ADDED from src/main/AndroidManifest.xml:354:13-49
	android:windowSoftInputMode
		ADDED from src/main/AndroidManifest.xml:356:13-64
	android:theme
		ADDED from src/main/AndroidManifest.xml:355:13-52
	android:name
		ADDED from src/main/AndroidManifest.xml:353:13-82
receiver#com.allenjuns.wechat.chatuidemo.receiver.StartServiceReceiver
ADDED from src/main/AndroidManifest.xml:362:9-368:20
	android:name
		ADDED from src/main/AndroidManifest.xml:362:19-95
intent-filter#android.intent.action.BOOT_COMPLETED+android.intent.action.QUICKBOOT_POWERON+android.intent.category.LAUNCHER
ADDED from src/main/AndroidManifest.xml:363:13-367:29
	android:priority
		ADDED from src/main/AndroidManifest.xml:363:28-51
action#android.intent.action.BOOT_COMPLETED
ADDED from src/main/AndroidManifest.xml:364:17-79
	android:name
		ADDED from src/main/AndroidManifest.xml:364:25-76
action#android.intent.action.QUICKBOOT_POWERON
ADDED from src/main/AndroidManifest.xml:365:17-82
	android:name
		ADDED from src/main/AndroidManifest.xml:365:25-79
receiver#com.hyphenate.chat.EMGCMBroadcastReceiver
ADDED from src/main/AndroidManifest.xml:371:9-379:20
	android:exported
		ADDED from src/main/AndroidManifest.xml:373:13-36
	android:permission
		ADDED from src/main/AndroidManifest.xml:374:13-73
	android:name
		ADDED from src/main/AndroidManifest.xml:372:13-69
intent-filter#com.allenjuns.wechat+com.google.android.c2dm.intent.RECEIVE
ADDED from src/main/AndroidManifest.xml:375:13-378:29
action#com.google.android.c2dm.intent.RECEIVE
ADDED from src/main/AndroidManifest.xml:376:17-81
	android:name
		ADDED from src/main/AndroidManifest.xml:376:25-78
category#com.allenjuns.wechat
ADDED from src/main/AndroidManifest.xml:377:17-65
	android:name
		ADDED from src/main/AndroidManifest.xml:377:27-62
service#com.hyphenate.chat.EMGCMListenerService
ADDED from src/main/AndroidManifest.xml:381:9-383:19
	android:exported
		ADDED from src/main/AndroidManifest.xml:382:13-37
	android:name
		ADDED from src/main/AndroidManifest.xml:381:18-72
receiver#com.allenjuns.wechat.chatuidemo.receiver.GCMPushBroadCast
ADDED from src/main/AndroidManifest.xml:385:9-392:20
	android:exported
		ADDED from src/main/AndroidManifest.xml:387:13-37
	android:name
		ADDED from src/main/AndroidManifest.xml:386:13-85
intent-filter#com.allenjuns.wechat+com.hyphenate.sdk.push
ADDED from src/main/AndroidManifest.xml:388:13-391:29
action#com.hyphenate.sdk.push
ADDED from src/main/AndroidManifest.xml:389:17-64
	android:name
		ADDED from src/main/AndroidManifest.xml:389:25-62
service#com.xiaomi.mipush.sdk.PushMessageHandler
ADDED from src/main/AndroidManifest.xml:396:9-399:39
	android:enabled
		ADDED from src/main/AndroidManifest.xml:398:13-35
	android:exported
		ADDED from src/main/AndroidManifest.xml:399:13-36
	android:name
		ADDED from src/main/AndroidManifest.xml:397:13-68
service#com.xiaomi.mipush.sdk.MessageHandleService
ADDED from src/main/AndroidManifest.xml:400:9-402:38
	android:enabled
		ADDED from src/main/AndroidManifest.xml:402:13-35
	android:name
		ADDED from src/main/AndroidManifest.xml:401:13-70
receiver#com.hyphenate.chat.EMMipushReceiver
ADDED from src/main/AndroidManifest.xml:404:9-416:20
	android:exported
		ADDED from src/main/AndroidManifest.xml:406:13-36
	android:name
		ADDED from src/main/AndroidManifest.xml:405:13-63
intent-filter#com.xiaomi.mipush.RECEIVE_MESSAGE
ADDED from src/main/AndroidManifest.xml:407:13-409:29
action#com.xiaomi.mipush.RECEIVE_MESSAGE
ADDED from src/main/AndroidManifest.xml:408:17-76
	android:name
		ADDED from src/main/AndroidManifest.xml:408:25-73
intent-filter#com.xiaomi.mipush.MESSAGE_ARRIVED
ADDED from src/main/AndroidManifest.xml:410:13-412:29
action#com.xiaomi.mipush.MESSAGE_ARRIVED
ADDED from src/main/AndroidManifest.xml:411:17-76
	android:name
		ADDED from src/main/AndroidManifest.xml:411:25-73
intent-filter#com.xiaomi.mipush.ERROR
ADDED from src/main/AndroidManifest.xml:413:13-415:29
action#com.xiaomi.mipush.ERROR
ADDED from src/main/AndroidManifest.xml:414:17-66
	android:name
		ADDED from src/main/AndroidManifest.xml:414:25-63
meta-data#EASEMOB_APPKEY
ADDED from src/main/AndroidManifest.xml:421:9-423:43
	android:value
		ADDED from src/main/AndroidManifest.xml:423:13-40
	android:name
		ADDED from src/main/AndroidManifest.xml:422:13-42
service#com.hyphenate.chat.EMChatService
ADDED from src/main/AndroidManifest.xml:425:9-427:15
	android:exported
		ADDED from src/main/AndroidManifest.xml:426:13-36
	android:name
		ADDED from src/main/AndroidManifest.xml:425:18-65
receiver#com.hyphenate.chat.EMMonitorReceiver
ADDED from src/main/AndroidManifest.xml:429:9-439:20
	android:name
		ADDED from src/main/AndroidManifest.xml:429:19-70
intent-filter#android.intent.action.PACKAGE_REMOVED
ADDED from src/main/AndroidManifest.xml:430:13-433:29
action#android.intent.action.PACKAGE_REMOVED
ADDED from src/main/AndroidManifest.xml:431:17-79
	android:name